[START]--Thu Feb 01 18:11:40 2024--.\logging.c--Plugin--A--B
[INFO]--Thu Feb 01 18:11:40 2024--.\logging.c--R1--B--C
[INFO]--Thu Feb 01 18:11:40 2024--.\logging.c--R2--C--B
[INFO]--Thu Feb 01 18:11:40 2024--.\logging.c--R3--B--X
[INFO]--Thu Feb 01 18:11:40 2024--.\logging.c--Ref--X--J
[INFO]--Thu Feb 01 18:11:40 2024--.\logging.c--R3--J--T
[INFO]--Thu Feb 01 18:11:40 2024--.\logging.c--R2--T--G
[INFO]--Thu Feb 01 18:11:40 2024--.\logging.c--R1--G--K
[END]--Thu Feb 01 18:11:40 2024--.\logging.c--Plugin--K--K
[START]--Thu Feb 01 18:11:40 2024--.\logging.c--Plugin--A--B
[INFO]--Thu Feb 01 18:11:40 2024--.\logging.c--R1--B--I
[INFO]--Thu Feb 01 18:11:40 2024--.\logging.c--R2--I--U
[INFO]--Thu Feb 01 18:11:40 2024--.\logging.c--R3--U--I
[INFO]--Thu Feb 01 18:11:40 2024--.\logging.c--Ref--I--P
[INFO]--Thu Feb 01 18:11:40 2024--.\logging.c--R3--P--O
[INFO]--Thu Feb 01 18:11:40 2024--.\logging.c--R2--O--V
[INFO]--Thu Feb 01 18:11:40 2024--.\logging.c--R1--V--G
[END]--Thu Feb 01 18:11:40 2024--.\logging.c--Plugin--G--G
[START]--Thu Feb 01 18:11:40 2024--.\logging.c--Plugin--A--B
[INFO]--Thu Feb 01 18:11:40 2024--.\logging.c--R1--B--P
[INFO]--Thu Feb 01 18:11:40 2024--.\logging.c--R2--P--X
[INFO]--Thu Feb 01 18:11:40 2024--.\logging.c--R3--X--R
[INFO]--Thu Feb 01 18:11:40 2024--.\logging.c--Ref--R--B
[INFO]--Thu Feb 01 18:11:40 2024--.\logging.c--R3--B--K
[INFO]--Thu Feb 01 18:11:40 2024--.\logging.c--R2--K--Z
[INFO]--Thu Feb 01 18:11:40 2024--.\logging.c--R1--Z--M
[END]--Thu Feb 01 18:11:40 2024--.\logging.c--Plugin--M--M
[START]--Thu Feb 01 18:11:40 2024--.\logging.c--Plugin--A--B
[INFO]--Thu Feb 01 18:11:40 2024--.\logging.c--R1--B--E
[INFO]--Thu Feb 01 18:11:40 2024--.\logging.c--R2--E--G
[INFO]--Thu Feb 01 18:11:40 2024--.\logging.c--R3--G--A
[INFO]--Thu Feb 01 18:11:40 2024--.\logging.c--Ref--A--A
[INFO]--Thu Feb 01 18:11:40 2024--.\logging.c--R3--A--G
[INFO]--Thu Feb 01 18:11:40 2024--.\logging.c--R2--G--E
[INFO]--Thu Feb 01 18:11:40 2024--.\logging.c--R1--E--B
[END]--Thu Feb 01 18:11:40 2024--.\logging.c--Plugin--B--A
[START]--Thu Feb 01 18:11:40 2024--.\logging.c--Plugin--A--B
[INFO]--Thu Feb 01 18:11:40 2024--.\logging.c--R1--B--M
[INFO]--Thu Feb 01 18:11:40 2024--.\logging.c--R2--M--N
[INFO]--Thu Feb 01 18:11:40 2024--.\logging.c--R3--N--K
[INFO]--Thu Feb 01 18:11:40 2024--.\logging.c--Ref--K--N
[INFO]--Thu Feb 01 18:11:40 2024--.\logging.c--R3--N--I
[INFO]--Thu Feb 01 18:11:40 2024--.\logging.c--R2--I--F
[INFO]--Thu Feb 01 18:11:40 2024--.\logging.c--R1--F--Y
[END]--Thu Feb 01 18:11:40 2024--.\logging.c--Plugin--Y--Z
[START]--Thu Feb 01 18:11:40 2024--.\logging.c--Plugin--A--B
[INFO]--Thu Feb 01 18:11:40 2024--.\logging.c--R1--B--O
[INFO]--Thu Feb 01 18:11:40 2024--.\logging.c--R2--O--L
[INFO]--Thu Feb 01 18:11:40 2024--.\logging.c--R3--L--D
[INFO]--Thu Feb 01 18:11:40 2024--.\logging.c--Ref--D--H
[INFO]--Thu Feb 01 18:11:40 2024--.\logging.c--R3--H--H
[INFO]--Thu Feb 01 18:11:40 2024--.\logging.c--R2--H--N
[INFO]--Thu Feb 01 18:11:40 2024--.\logging.c--R1--N--H
[END]--Thu Feb 01 18:11:40 2024--.\logging.c--Plugin--H--H
[START]--Thu Feb 01 18:11:40 2024--.\logging.c--Plugin--A--B
[INFO]--Thu Feb 01 18:11:40 2024--.\logging.c--R1--B--Q
[INFO]--Thu Feb 01 18:11:40 2024--.\logging.c--R2--Q--A
[INFO]--Thu Feb 01 18:11:40 2024--.\logging.c--R3--A--C
[INFO]--Thu Feb 01 18:11:40 2024--.\logging.c--Ref--C--U
[INFO]--Thu Feb 01 18:11:40 2024--.\logging.c--R3--U--Y
[INFO]--Thu Feb 01 18:11:40 2024--.\logging.c--R2--Y--H
[INFO]--Thu Feb 01 18:11:40 2024--.\logging.c--R1--H--R
[END]--Thu Feb 01 18:11:40 2024--.\logging.c--Plugin--R--R
[START]--Thu Feb 01 18:11:40 2024--.\logging.c--Plugin--A--B
[INFO]--Thu Feb 01 18:11:40 2024--.\logging.c--R1--B--T
[INFO]--Thu Feb 01 18:11:40 2024--.\logging.c--R2--T--J
[INFO]--Thu Feb 01 18:11:40 2024--.\logging.c--R3--J--M
[INFO]--Thu Feb 01 18:11:40 2024--.\logging.c--Ref--M--O
[INFO]--Thu Feb 01 18:11:40 2024--.\logging.c--R3--O--P
[INFO]--Thu Feb 01 18:11:40 2024--.\logging.c--R2--P--J
[INFO]--Thu Feb 01 18:11:40 2024--.\logging.c--R1--J--Y
[END]--Thu Feb 01 18:11:40 2024--.\logging.c--Plugin--Y--Z
[START]--Thu Feb 01 18:11:40 2024--.\logging.c--Plugin--A--B
[INFO]--Thu Feb 01 18:11:40 2024--.\logging.c--R1--B--C
[INFO]--Thu Feb 01 18:11:40 2024--.\logging.c--R2--C--B
[INFO]--Thu Feb 01 18:11:40 2024--.\logging.c--R3--B--X
[INFO]--Thu Feb 01 18:11:40 2024--.\logging.c--Ref--X--J
[INFO]--Thu Feb 01 18:11:40 2024--.\logging.c--R3--J--T
[INFO]--Thu Feb 01 18:11:40 2024--.\logging.c--R2--T--G
[INFO]--Thu Feb 01 18:11:40 2024--.\logging.c--R1--G--L
[END]--Thu Feb 01 18:11:40 2024--.\logging.c--Plugin--L--L
[START]--Thu Feb 01 18:11:40 2024--.\logging.c--Plugin--A--B
[INFO]--Thu Feb 01 18:11:40 2024--.\logging.c--R1--B--X
[INFO]--Thu Feb 01 18:11:40 2024--.\logging.c--R2--X--E
[INFO]--Thu Feb 01 18:11:40 2024--.\logging.c--R3--E--E
[INFO]--Thu Feb 01 18:11:40 2024--.\logging.c--Ref--E--Q
[INFO]--Thu Feb 01 18:11:40 2024--.\logging.c--R3--Q--S
[INFO]--Thu Feb 01 18:11:40 2024--.\logging.c--R2--S--K
[INFO]--Thu Feb 01 18:11:40 2024--.\logging.c--R1--K--X
[END]--Thu Feb 01 18:11:40 2024--.\logging.c--Plugin--X--X
[START]--Thu Feb 01 18:11:40 2024--.\logging.c--Plugin--A--B
[INFO]--Thu Feb 01 18:11:40 2024--.\logging.c--R1--B--L
[INFO]--Thu Feb 01 18:11:40 2024--.\logging.c--R2--L--D
[INFO]--Thu Feb 01 18:11:40 2024--.\logging.c--R3--D--G
[INFO]--Thu Feb 01 18:11:40 2024--.\logging.c--Ref--G--L
[INFO]--Thu Feb 01 18:11:40 2024--.\logging.c--R3--L--M
[INFO]--Thu Feb 01 18:11:40 2024--.\logging.c--R2--M--S
[INFO]--Thu Feb 01 18:11:40 2024--.\logging.c--R1--S--R
[END]--Thu Feb 01 18:11:40 2024--.\logging.c--Plugin--R--R
[START]--Thu Feb 01 18:11:40 2024--.\logging.c--Plugin--A--B
[INFO]--Thu Feb 01 18:11:40 2024--.\logging.c--R1--B--H
[INFO]--Thu Feb 01 18:11:40 2024--.\logging.c--R2--H--Y
[INFO]--Thu Feb 01 18:11:40 2024--.\logging.c--R3--Y--U
[INFO]--Thu Feb 01 18:11:40 2024--.\logging.c--Ref--U--C
[INFO]--Thu Feb 01 18:11:40 2024--.\logging.c--R3--C--A
[INFO]--Thu Feb 01 18:11:40 2024--.\logging.c--R2--A--Q
[INFO]--Thu Feb 01 18:11:40 2024--.\logging.c--R1--Q--D
[END]--Thu Feb 01 18:11:40 2024--.\logging.c--Plugin--D--D
[START]--Thu Feb 01 18:11:40 2024--.\logging.c--Plugin--A--B
[INFO]--Thu Feb 01 18:11:40 2024--.\logging.c--R1--B--Z
[INFO]--Thu Feb 01 18:11:40 2024--.\logging.c--R2--Z--K
[INFO]--Thu Feb 01 18:11:40 2024--.\logging.c--R3--K--B
[INFO]--Thu Feb 01 18:11:40 2024--.\logging.c--Ref--B--R
[INFO]--Thu Feb 01 18:11:40 2024--.\logging.c--R3--R--X
[INFO]--Thu Feb 01 18:11:40 2024--.\logging.c--R2--X--P
[INFO]--Thu Feb 01 18:11:40 2024--.\logging.c--R1--P--C
[END]--Thu Feb 01 18:11:40 2024--.\logging.c--Plugin--C--C
[START]--Thu Feb 01 18:11:40 2024--.\logging.c--Plugin--A--B
[INFO]--Thu Feb 01 18:11:40 2024--.\logging.c--R1--B--O
[INFO]--Thu Feb 01 18:11:40 2024--.\logging.c--R2--O--L
[INFO]--Thu Feb 01 18:11:40 2024--.\logging.c--R3--L--D
[INFO]--Thu Feb 01 18:11:40 2024--.\logging.c--Ref--D--H
[INFO]--Thu Feb 01 18:11:40 2024--.\logging.c--R3--H--H
[INFO]--Thu Feb 01 18:11:40 2024--.\logging.c--R2--H--N
[INFO]--Thu Feb 01 18:11:40 2024--.\logging.c--R1--N--V
[END]--Thu Feb 01 18:11:40 2024--.\logging.c--Plugin--V--V
[START]--Thu Feb 01 18:11:40 2024--.\logging.c--Plugin--A--B
[INFO]--Thu Feb 01 18:11:40 2024--.\logging.c--R1--B--B
[INFO]--Thu Feb 01 18:11:40 2024--.\logging.c--R2--B--Z
[INFO]--Thu Feb 01 18:11:40 2024--.\logging.c--R3--Z--Y
[INFO]--Thu Feb 01 18:11:40 2024--.\logging.c--Ref--Y--Y
[INFO]--Thu Feb 01 18:11:40 2024--.\logging.c--R3--Y--Z
[INFO]--Thu Feb 01 18:11:40 2024--.\logging.c--R2--Z--B
[INFO]--Thu Feb 01 18:11:40 2024--.\logging.c--R1--B--B
[END]--Thu Feb 01 18:11:40 2024--.\logging.c--Plugin--B--A
[START]--Thu Feb 01 18:11:40 2024--.\logging.c--Plugin--A--B
[INFO]--Thu Feb 01 18:11:40 2024--.\logging.c--R1--B--Q
[INFO]--Thu Feb 01 18:11:40 2024--.\logging.c--R2--Q--A
[INFO]--Thu Feb 01 18:11:40 2024--.\logging.c--R3--A--C
[INFO]--Thu Feb 01 18:11:40 2024--.\logging.c--Ref--C--U
[INFO]--Thu Feb 01 18:11:40 2024--.\logging.c--R3--U--Y
[INFO]--Thu Feb 01 18:11:40 2024--.\logging.c--R2--Y--H
[INFO]--Thu Feb 01 18:11:40 2024--.\logging.c--R1--H--S
[END]--Thu Feb 01 18:11:40 2024--.\logging.c--Plugin--S--S
[START]--Thu Feb 01 18:11:40 2024--.\logging.c--Plugin--A--B
[INFO]--Thu Feb 01 18:11:40 2024--.\logging.c--R1--B--I
[INFO]--Thu Feb 01 18:11:40 2024--.\logging.c--R2--I--U
[INFO]--Thu Feb 01 18:11:40 2024--.\logging.c--R3--U--I
[INFO]--Thu Feb 01 18:11:40 2024--.\logging.c--Ref--I--P
[INFO]--Thu Feb 01 18:11:40 2024--.\logging.c--R3--P--O
[INFO]--Thu Feb 01 18:11:40 2024--.\logging.c--R2--O--V
[INFO]--Thu Feb 01 18:11:40 2024--.\logging.c--R1--V--X
[END]--Thu Feb 01 18:11:40 2024--.\logging.c--Plugin--X--X
[START]--Thu Feb 01 18:11:40 2024--.\logging.c--Plugin--A--B
[INFO]--Thu Feb 01 18:11:40 2024--.\logging.c--R1--B--V
[INFO]--Thu Feb 01 18:11:40 2024--.\logging.c--R2--V--O
[INFO]--Thu Feb 01 18:11:40 2024--.\logging.c--R3--O--P
[INFO]--Thu Feb 01 18:11:40 2024--.\logging.c--Ref--P--I
[INFO]--Thu Feb 01 18:11:40 2024--.\logging.c--R3--I--U
[INFO]--Thu Feb 01 18:11:40 2024--.\logging.c--R2--U--I
[INFO]--Thu Feb 01 18:11:40 2024--.\logging.c--R1--I--I
[END]--Thu Feb 01 18:11:40 2024--.\logging.c--Plugin--I--I
[START]--Thu Feb 01 18:11:40 2024--.\logging.c--Plugin--A--B
[INFO]--Thu Feb 01 18:11:40 2024--.\logging.c--R1--B--W
[INFO]--Thu Feb 01 18:11:40 2024--.\logging.c--R2--W--F
[INFO]--Thu Feb 01 18:11:40 2024--.\logging.c--R3--F--V
[INFO]--Thu Feb 01 18:11:40 2024--.\logging.c--Ref--V--W
[INFO]--Thu Feb 01 18:11:40 2024--.\logging.c--R3--W--V
[INFO]--Thu Feb 01 18:11:40 2024--.\logging.c--R2--V--A
[INFO]--Thu Feb 01 18:11:40 2024--.\logging.c--R1--A--U
[END]--Thu Feb 01 18:11:40 2024--.\logging.c--Plugin--U--U
[START]--Thu Feb 01 18:11:40 2024--.\logging.c--Plugin--A--B
[INFO]--Thu Feb 01 18:11:40 2024--.\logging.c--R1--B--E
[INFO]--Thu Feb 01 18:11:40 2024--.\logging.c--R2--E--G
[INFO]--Thu Feb 01 18:11:40 2024--.\logging.c--R3--G--A
[INFO]--Thu Feb 01 18:11:40 2024--.\logging.c--Ref--A--A
[INFO]--Thu Feb 01 18:11:40 2024--.\logging.c--R3--A--G
[INFO]--Thu Feb 01 18:11:40 2024--.\logging.c--R2--G--E
[INFO]--Thu Feb 01 18:11:40 2024--.\logging.c--R1--E--B
[END]--Thu Feb 01 18:11:40 2024--.\logging.c--Plugin--B--A
[START]--Thu Feb 01 18:11:40 2024--.\logging.c--Plugin--A--B
[INFO]--Thu Feb 01 18:11:40 2024--.\logging.c--R1--B--K
[INFO]--Thu Feb 01 18:11:40 2024--.\logging.c--R2--K--S
[INFO]--Thu Feb 01 18:11:40 2024--.\logging.c--R3--S--Q
[INFO]--Thu Feb 01 18:11:40 2024--.\logging.c--Ref--Q--E
[INFO]--Thu Feb 01 18:11:40 2024--.\logging.c--R3--E--E
[INFO]--Thu Feb 01 18:11:40 2024--.\logging.c--R2--E--X
[INFO]--Thu Feb 01 18:11:40 2024--.\logging.c--R1--X--J
[END]--Thu Feb 01 18:11:40 2024--.\logging.c--Plugin--J--J
[START]--Thu Feb 01 18:11:40 2024--.\logging.c--Plugin--A--B
[INFO]--Thu Feb 01 18:11:40 2024--.\logging.c--R1--B--Z
[INFO]--Thu Feb 01 18:11:40 2024--.\logging.c--R2--Z--K
[INFO]--Thu Feb 01 18:11:40 2024--.\logging.c--R3--K--B
[INFO]--Thu Feb 01 18:11:40 2024--.\logging.c--Ref--B--R
[INFO]--Thu Feb 01 18:11:40 2024--.\logging.c--R3--R--X
[INFO]--Thu Feb 01 18:11:40 2024--.\logging.c--R2--X--P
[INFO]--Thu Feb 01 18:11:40 2024--.\logging.c--R1--P--O
[END]--Thu Feb 01 18:11:40 2024--.\logging.c--Plugin--O--O
[START]--Thu Feb 01 18:11:40 2024--.\logging.c--Plugin--A--B
[INFO]--Thu Feb 01 18:11:40 2024--.\logging.c--R1--B--R
[INFO]--Thu Feb 01 18:11:40 2024--.\logging.c--R2--R--W
[INFO]--Thu Feb 01 18:11:40 2024--.\logging.c--R3--W--S
[INFO]--Thu Feb 01 18:11:40 2024--.\logging.c--Ref--S--F
[INFO]--Thu Feb 01 18:11:40 2024--.\logging.c--R3--F--C
[INFO]--Thu Feb 01 18:11:40 2024--.\logging.c--R2--C--Y
[INFO]--Thu Feb 01 18:11:40 2024--.\logging.c--R1--Y--A
[END]--Thu Feb 01 18:11:40 2024--.\logging.c--Plugin--A--B
[START]--Thu Feb 01 18:11:40 2024--.\logging.c--Plugin--A--B
[INFO]--Thu Feb 01 18:11:40 2024--.\logging.c--R1--B--G
[INFO]--Thu Feb 01 18:11:40 2024--.\logging.c--R2--G--T
[INFO]--Thu Feb 01 18:11:40 2024--.\logging.c--R3--T--J
[INFO]--Thu Feb 01 18:11:40 2024--.\logging.c--Ref--J--X
[INFO]--Thu Feb 01 18:11:40 2024--.\logging.c--R3--X--B
[INFO]--Thu Feb 01 18:11:40 2024--.\logging.c--R2--B--C
[INFO]--Thu Feb 01 18:11:40 2024--.\logging.c--R1--C--C
[END]--Thu Feb 01 18:11:40 2024--.\logging.c--Plugin--C--C
[START]--Thu Feb 01 18:11:40 2024--.\logging.c--Plugin--A--B
[INFO]--Thu Feb 01 18:11:40 2024--.\logging.c--R1--B--B
[INFO]--Thu Feb 01 18:11:40 2024--.\logging.c--R2--B--A
[INFO]--Thu Feb 01 18:11:40 2024--.\logging.c--R3--A--C
[INFO]--Thu Feb 01 18:11:40 2024--.\logging.c--Ref--C--U
[INFO]--Thu Feb 01 18:11:40 2024--.\logging.c--R3--U--Y
[INFO]--Thu Feb 01 18:11:40 2024--.\logging.c--R2--Y--A
[INFO]--Thu Feb 01 18:11:40 2024--.\logging.c--R1--A--T
[END]--Thu Feb 01 18:11:40 2024--.\logging.c--Plugin--T--T
[START]--Thu Feb 01 18:11:40 2024--.\logging.c--Plugin--A--B
[INFO]--Thu Feb 01 18:11:40 2024--.\logging.c--R1--B--J
[INFO]--Thu Feb 01 18:11:40 2024--.\logging.c--R2--J--R
[INFO]--Thu Feb 01 18:11:40 2024--.\logging.c--R3--R--T
[INFO]--Thu Feb 01 18:11:40 2024--.\logging.c--Ref--T--Z
[INFO]--Thu Feb 01 18:11:40 2024--.\logging.c--R3--Z--Q
[INFO]--Thu Feb 01 18:11:40 2024--.\logging.c--R2--Q--C
[INFO]--Thu Feb 01 18:11:40 2024--.\logging.c--R1--C--P
[END]--Thu Feb 01 18:11:40 2024--.\logging.c--Plugin--P--P
[START]--Thu Feb 01 18:11:40 2024--.\logging.c--Plugin--A--B
[INFO]--Thu Feb 01 18:11:40 2024--.\logging.c--R1--B--C
[INFO]--Thu Feb 01 18:11:40 2024--.\logging.c--R2--C--Q
[INFO]--Thu Feb 01 18:11:40 2024--.\logging.c--R3--Q--Z
[INFO]--Thu Feb 01 18:11:40 2024--.\logging.c--Ref--Z--T
[INFO]--Thu Feb 01 18:11:40 2024--.\logging.c--R3--T--R
[INFO]--Thu Feb 01 18:11:40 2024--.\logging.c--R2--R--J
[INFO]--Thu Feb 01 18:11:40 2024--.\logging.c--R1--J--C
[END]--Thu Feb 01 18:11:40 2024--.\logging.c--Plugin--C--C
[START]--Thu Feb 01 18:11:40 2024--.\logging.c--Plugin--A--B
[INFO]--Thu Feb 01 18:11:40 2024--.\logging.c--R1--B--I
[INFO]--Thu Feb 01 18:11:40 2024--.\logging.c--R2--I--O
[INFO]--Thu Feb 01 18:11:40 2024--.\logging.c--R3--O--P
[INFO]--Thu Feb 01 18:11:40 2024--.\logging.c--Ref--P--I
[INFO]--Thu Feb 01 18:11:40 2024--.\logging.c--R3--I--U
[INFO]--Thu Feb 01 18:11:40 2024--.\logging.c--R2--U--Z
[INFO]--Thu Feb 01 18:11:40 2024--.\logging.c--R1--Z--H
[END]--Thu Feb 01 18:11:40 2024--.\logging.c--Plugin--H--H
[START]--Thu Feb 01 18:11:40 2024--.\logging.c--Plugin--A--B
[INFO]--Thu Feb 01 18:11:40 2024--.\logging.c--R1--B--P
[INFO]--Thu Feb 01 18:11:40 2024--.\logging.c--R2--P--Z
[INFO]--Thu Feb 01 18:11:40 2024--.\logging.c--R3--Z--Y
[INFO]--Thu Feb 01 18:11:40 2024--.\logging.c--Ref--Y--Y
[INFO]--Thu Feb 01 18:11:40 2024--.\logging.c--R3--Y--Z
[INFO]--Thu Feb 01 18:11:40 2024--.\logging.c--R2--Z--P
[INFO]--Thu Feb 01 18:11:40 2024--.\logging.c--R1--P--B
[END]--Thu Feb 01 18:11:40 2024--.\logging.c--Plugin--B--A
[START]--Thu Feb 01 18:11:40 2024--.\logging.c--Plugin--A--B
[INFO]--Thu Feb 01 18:11:40 2024--.\logging.c--R1--B--E
[INFO]--Thu Feb 01 18:11:40 2024--.\logging.c--R2--E--H
[INFO]--Thu Feb 01 18:11:40 2024--.\logging.c--R3--H--H
[INFO]--Thu Feb 01 18:11:40 2024--.\logging.c--Ref--H--D
[INFO]--Thu Feb 01 18:11:40 2024--.\logging.c--R3--D--L
[INFO]--Thu Feb 01 18:11:40 2024--.\logging.c--R2--L--R
[INFO]--Thu Feb 01 18:11:40 2024--.\logging.c--R1--R--T
[END]--Thu Feb 01 18:11:40 2024--.\logging.c--Plugin--T--T
[START]--Thu Feb 01 18:11:40 2024--.\logging.c--Plugin--A--B
[INFO]--Thu Feb 01 18:11:40 2024--.\logging.c--R1--B--M
[INFO]--Thu Feb 01 18:11:40 2024--.\logging.c--R2--M--G
[INFO]--Thu Feb 01 18:11:40 2024--.\logging.c--R3--G--A
[INFO]--Thu Feb 01 18:11:40 2024--.\logging.c--Ref--A--A
[INFO]--Thu Feb 01 18:11:40 2024--.\logging.c--R3--A--G
[INFO]--Thu Feb 01 18:11:40 2024--.\logging.c--R2--G--M
[INFO]--Thu Feb 01 18:11:40 2024--.\logging.c--R1--M--B
[END]--Thu Feb 01 18:11:40 2024--.\logging.c--Plugin--B--A
[START]--Thu Feb 01 18:11:40 2024--.\logging.c--Plugin--A--B
[INFO]--Thu Feb 01 18:11:40 2024--.\logging.c--R1--B--O
[INFO]--Thu Feb 01 18:11:40 2024--.\logging.c--R2--O--W
[INFO]--Thu Feb 01 18:11:40 2024--.\logging.c--R3--W--S
[INFO]--Thu Feb 01 18:11:40 2024--.\logging.c--Ref--S--F
[INFO]--Thu Feb 01 18:11:40 2024--.\logging.c--R3--F--C
[INFO]--Thu Feb 01 18:11:40 2024--.\logging.c--R2--C--K
[INFO]--Thu Feb 01 18:11:40 2024--.\logging.c--R1--K--K
[END]--Thu Feb 01 18:11:40 2024--.\logging.c--Plugin--K--K
[START]--Thu Feb 01 18:11:40 2024--.\logging.c--Plugin--A--B
[INFO]--Thu Feb 01 18:11:40 2024--.\logging.c--R1--B--Q
[INFO]--Thu Feb 01 18:11:40 2024--.\logging.c--R2--Q--V
[INFO]--Thu Feb 01 18:11:40 2024--.\logging.c--R3--V--W
[INFO]--Thu Feb 01 18:11:40 2024--.\logging.c--Ref--W--V
[INFO]--Thu Feb 01 18:11:40 2024--.\logging.c--R3--V--F
[INFO]--Thu Feb 01 18:11:40 2024--.\logging.c--R2--F--D
[INFO]--Thu Feb 01 18:11:40 2024--.\logging.c--R1--D--W
[END]--Thu Feb 01 18:11:40 2024--.\logging.c--Plugin--W--W
[START]--Thu Feb 01 18:11:40 2024--.\logging.c--Plugin--A--B
[INFO]--Thu Feb 01 18:11:40 2024--.\logging.c--R1--B--T
[INFO]--Thu Feb 01 18:11:40 2024--.\logging.c--R2--T--P
[INFO]--Thu Feb 01 18:11:40 2024--.\logging.c--R3--P--O
[INFO]--Thu Feb 01 18:11:40 2024--.\logging.c--Ref--O--M
[INFO]--Thu Feb 01 18:11:40 2024--.\logging.c--R3--M--J
[INFO]--Thu Feb 01 18:11:40 2024--.\logging.c--R2--J--Y
[INFO]--Thu Feb 01 18:11:40 2024--.\logging.c--R1--Y--J
[END]--Thu Feb 01 18:11:40 2024--.\logging.c--Plugin--J--J
[START]--Thu Feb 01 18:11:40 2024--.\logging.c--Plugin--A--B
[INFO]--Thu Feb 01 18:11:40 2024--.\logging.c--R1--B--C
[INFO]--Thu Feb 01 18:11:40 2024--.\logging.c--R2--C--Q
[INFO]--Thu Feb 01 18:11:40 2024--.\logging.c--R3--Q--Z
[INFO]--Thu Feb 01 18:11:40 2024--.\logging.c--Ref--Z--T
[INFO]--Thu Feb 01 18:11:40 2024--.\logging.c--R3--T--R
[INFO]--Thu Feb 01 18:11:40 2024--.\logging.c--R2--R--J
[INFO]--Thu Feb 01 18:11:40 2024--.\logging.c--R1--J--V
[END]--Thu Feb 01 18:11:40 2024--.\logging.c--Plugin--V--V
[START]--Thu Feb 01 18:11:40 2024--.\logging.c--Plugin--A--B
[INFO]--Thu Feb 01 18:11:40 2024--.\logging.c--R1--B--X
[INFO]--Thu Feb 01 18:11:40 2024--.\logging.c--R2--X--B
[INFO]--Thu Feb 01 18:11:40 2024--.\logging.c--R3--B--X
[INFO]--Thu Feb 01 18:11:40 2024--.\logging.c--Ref--X--J
[INFO]--Thu Feb 01 18:11:40 2024--.\logging.c--R3--J--T
[INFO]--Thu Feb 01 18:11:40 2024--.\logging.c--R2--T--H
[INFO]--Thu Feb 01 18:11:40 2024--.\logging.c--R1--H--W
[END]--Thu Feb 01 18:11:40 2024--.\logging.c--Plugin--W--W
[START]--Thu Feb 01 18:11:40 2024--.\logging.c--Plugin--A--B
[INFO]--Thu Feb 01 18:11:40 2024--.\logging.c--R1--B--L
[INFO]--Thu Feb 01 18:11:40 2024--.\logging.c--R2--L--M
[INFO]--Thu Feb 01 18:11:40 2024--.\logging.c--R3--M--L
[INFO]--Thu Feb 01 18:11:40 2024--.\logging.c--Ref--L--G
[INFO]--Thu Feb 01 18:11:40 2024--.\logging.c--R3--G--D
[INFO]--Thu Feb 01 18:11:40 2024--.\logging.c--R2--D--W
[INFO]--Thu Feb 01 18:11:40 2024--.\logging.c--R1--W--A
[END]--Thu Feb 01 18:11:40 2024--.\logging.c--Plugin--A--B
[START]--Thu Feb 01 18:11:40 2024--.\logging.c--Plugin--A--B
[INFO]--Thu Feb 01 18:11:40 2024--.\logging.c--R1--B--H
[INFO]--Thu Feb 01 18:11:40 2024--.\logging.c--R2--H--T
[INFO]--Thu Feb 01 18:11:40 2024--.\logging.c--R3--T--J
[INFO]--Thu Feb 01 18:11:40 2024--.\logging.c--Ref--J--X
[INFO]--Thu Feb 01 18:11:40 2024--.\logging.c--R3--X--B
[INFO]--Thu Feb 01 18:11:40 2024--.\logging.c--R2--B--X
[INFO]--Thu Feb 01 18:11:40 2024--.\logging.c--R1--X--P
[END]--Thu Feb 01 18:11:40 2024--.\logging.c--Plugin--P--P
[START]--Thu Feb 01 18:11:40 2024--.\logging.c--Plugin--A--B
[INFO]--Thu Feb 01 18:11:40 2024--.\logging.c--R1--B--Z
[INFO]--Thu Feb 01 18:11:40 2024--.\logging.c--R2--Z--U
[INFO]--Thu Feb 01 18:11:40 2024--.\logging.c--R3--U--I
[INFO]--Thu Feb 01 18:11:40 2024--.\logging.c--Ref--I--P
[INFO]--Thu Feb 01 18:11:40 2024--.\logging.c--R3--P--O
[INFO]--Thu Feb 01 18:11:40 2024--.\logging.c--R2--O--I
[INFO]--Thu Feb 01 18:11:40 2024--.\logging.c--R1--I--K
[END]--Thu Feb 01 18:11:40 2024--.\logging.c--Plugin--K--K
[START]--Thu Feb 01 18:11:40 2024--.\logging.c--Plugin--A--B
[INFO]--Thu Feb 01 18:11:40 2024--.\logging.c--R1--B--O
[INFO]--Thu Feb 01 18:11:40 2024--.\logging.c--R2--O--W
[INFO]--Thu Feb 01 18:11:40 2024--.\logging.c--R3--W--S
[INFO]--Thu Feb 01 18:11:40 2024--.\logging.c--Ref--S--F
[INFO]--Thu Feb 01 18:11:40 2024--.\logging.c--R3--F--C
[INFO]--Thu Feb 01 18:11:40 2024--.\logging.c--R2--C--K
[INFO]--Thu Feb 01 18:11:40 2024--.\logging.c--R1--K--H
[END]--Thu Feb 01 18:11:40 2024--.\logging.c--Plugin--H--H
[START]--Thu Feb 01 18:11:40 2024--.\logging.c--Plugin--A--B
[INFO]--Thu Feb 01 18:11:40 2024--.\logging.c--R1--B--B
[INFO]--Thu Feb 01 18:11:40 2024--.\logging.c--R2--B--A
[INFO]--Thu Feb 01 18:11:40 2024--.\logging.c--R3--A--C
[INFO]--Thu Feb 01 18:11:40 2024--.\logging.c--Ref--C--U
[INFO]--Thu Feb 01 18:11:40 2024--.\logging.c--R3--U--Y
[INFO]--Thu Feb 01 18:11:40 2024--.\logging.c--R2--Y--A
[INFO]--Thu Feb 01 18:11:40 2024--.\logging.c--R1--A--F
[END]--Thu Feb 01 18:11:40 2024--.\logging.c--Plugin--F--F
[START]--Thu Feb 01 18:11:40 2024--.\logging.c--Plugin--A--B
[INFO]--Thu Feb 01 18:11:40 2024--.\logging.c--R1--B--Q
[INFO]--Thu Feb 01 18:11:40 2024--.\logging.c--R2--Q--V
[INFO]--Thu Feb 01 18:11:40 2024--.\logging.c--R3--V--W
[INFO]--Thu Feb 01 18:11:40 2024--.\logging.c--Ref--W--V
[INFO]--Thu Feb 01 18:11:40 2024--.\logging.c--R3--V--F
[INFO]--Thu Feb 01 18:11:40 2024--.\logging.c--R2--F--D
[INFO]--Thu Feb 01 18:11:40 2024--.\logging.c--R1--D--X
[END]--Thu Feb 01 18:11:40 2024--.\logging.c--Plugin--X--X
[START]--Thu Feb 01 18:11:40 2024--.\logging.c--Plugin--A--B
[INFO]--Thu Feb 01 18:11:40 2024--.\logging.c--R1--B--I
[INFO]--Thu Feb 01 18:11:40 2024--.\logging.c--R2--I--O
[INFO]--Thu Feb 01 18:11:40 2024--.\logging.c--R3--O--P
[INFO]--Thu Feb 01 18:11:40 2024--.\logging.c--Ref--P--I
[INFO]--Thu Feb 01 18:11:40 2024--.\logging.c--R3--I--U
[INFO]--Thu Feb 01 18:11:40 2024--.\logging.c--R2--U--Z
[INFO]--Thu Feb 01 18:11:40 2024--.\logging.c--R1--Z--Z
[END]--Thu Feb 01 18:11:40 2024--.\logging.c--Plugin--Z--Y
[START]--Thu Feb 01 18:11:40 2024--.\logging.c--Plugin--A--B
[INFO]--Thu Feb 01 18:11:40 2024--.\logging.c--R1--B--V
[INFO]--Thu Feb 01 18:11:40 2024--.\logging.c--R2--V--E
[INFO]--Thu Feb 01 18:11:40 2024--.\logging.c--R3--E--E
[INFO]--Thu Feb 01 18:11:40 2024--.\logging.c--Ref--E--Q
[INFO]--Thu Feb 01 18:11:40 2024--.\logging.c--R3--Q--S
[INFO]--Thu Feb 01 18:11:40 2024--.\logging.c--R2--S--F
[INFO]--Thu Feb 01 18:11:40 2024--.\logging.c--R1--F--Q
[END]--Thu Feb 01 18:11:40 2024--.\logging.c--Plugin--Q--Q
[START]--Thu Feb 01 18:11:40 2024--.\logging.c--Plugin--A--B
[INFO]--Thu Feb 01 18:11:40 2024--.\logging.c--R1--B--W
[INFO]--Thu Feb 01 18:11:40 2024--.\logging.c--R2--W--D
[INFO]--Thu Feb 01 18:11:40 2024--.\logging.c--R3--D--G
[INFO]--Thu Feb 01 18:11:40 2024--.\logging.c--Ref--G--L
[INFO]--Thu Feb 01 18:11:40 2024--.\logging.c--R3--L--M
[INFO]--Thu Feb 01 18:11:40 2024--.\logging.c--R2--M--L
[INFO]--Thu Feb 01 18:11:40 2024--.\logging.c--R1--L--G
[END]--Thu Feb 01 18:11:40 2024--.\logging.c--Plugin--G--G
[START]--Thu Feb 01 18:11:40 2024--.\logging.c--Plugin--A--B
[INFO]--Thu Feb 01 18:11:40 2024--.\logging.c--R1--B--E
[INFO]--Thu Feb 01 18:11:40 2024--.\logging.c--R2--E--H
[INFO]--Thu Feb 01 18:11:40 2024--.\logging.c--R3--H--H
[INFO]--Thu Feb 01 18:11:40 2024--.\logging.c--Ref--H--D
[INFO]--Thu Feb 01 18:11:40 2024--.\logging.c--R3--D--L
[INFO]--Thu Feb 01 18:11:40 2024--.\logging.c--R2--L--R
[INFO]--Thu Feb 01 18:11:40 2024--.\logging.c--R1--R--Q
[END]--Thu Feb 01 18:11:40 2024--.\logging.c--Plugin--Q--Q
[START]--Thu Feb 01 18:11:40 2024--.\logging.c--Plugin--A--B
[INFO]--Thu Feb 01 18:11:40 2024--.\logging.c--R1--B--K
[INFO]--Thu Feb 01 18:11:40 2024--.\logging.c--R2--K--C
[INFO]--Thu Feb 01 18:11:40 2024--.\logging.c--R3--C--F
[INFO]--Thu Feb 01 18:11:40 2024--.\logging.c--Ref--F--S
[INFO]--Thu Feb 01 18:11:40 2024--.\logging.c--R3--S--W
[INFO]--Thu Feb 01 18:11:40 2024--.\logging.c--R2--W--O
[INFO]--Thu Feb 01 18:11:40 2024--.\logging.c--R1--O--G
[END]--Thu Feb 01 18:11:40 2024--.\logging.c--Plugin--G--G
[START]--Thu Feb 01 18:11:40 2024--.\logging.c--Plugin--A--B
[INFO]--Thu Feb 01 18:11:40 2024--.\logging.c--R1--B--Z
[INFO]--Thu Feb 01 18:11:40 2024--.\logging.c--R2--Z--U
[INFO]--Thu Feb 01 18:11:40 2024--.\logging.c--R3--U--I
[INFO]--Thu Feb 01 18:11:40 2024--.\logging.c--Ref--I--P
[INFO]--Thu Feb 01 18:11:40 2024--.\logging.c--R3--P--O
[INFO]--Thu Feb 01 18:11:40 2024--.\logging.c--R2--O--I
[INFO]--Thu Feb 01 18:11:40 2024--.\logging.c--R1--I--D
[END]--Thu Feb 01 18:11:40 2024--.\logging.c--Plugin--D--D
[START]--Thu Feb 01 18:14:00 2024--.\logging.c--Plugin--E--E
[INFO]--Thu Feb 01 18:14:00 2024--.\logging.c--R1--E--H
[INFO]--Thu Feb 01 18:14:00 2024--.\logging.c--R2--H--Y
[INFO]--Thu Feb 01 18:14:00 2024--.\logging.c--R3--Y--U
[INFO]--Thu Feb 01 18:14:00 2024--.\logging.c--Ref--U--C
[INFO]--Thu Feb 01 18:14:00 2024--.\logging.c--R3--C--A
[INFO]--Thu Feb 01 18:14:00 2024--.\logging.c--R2--A--Q
[INFO]--Thu Feb 01 18:14:00 2024--.\logging.c--R1--Q--F
[END]--Thu Feb 01 18:14:00 2024--.\logging.c--Plugin--F--F
[START]--Thu Feb 01 18:14:00 2024--.\logging.c--Plugin--N--N
[INFO]--Thu Feb 01 18:14:00 2024--.\logging.c--R1--N--A
[INFO]--Thu Feb 01 18:14:00 2024--.\logging.c--R2--A--V
[INFO]--Thu Feb 01 18:14:00 2024--.\logging.c--R3--V--W
[INFO]--Thu Feb 01 18:14:00 2024--.\logging.c--Ref--W--V
[INFO]--Thu Feb 01 18:14:00 2024--.\logging.c--R3--V--F
[INFO]--Thu Feb 01 18:14:00 2024--.\logging.c--R2--F--W
[INFO]--Thu Feb 01 18:14:00 2024--.\logging.c--R1--W--T
[END]--Thu Feb 01 18:14:00 2024--.\logging.c--Plugin--T--T
[START]--Thu Feb 01 18:14:00 2024--.\logging.c--Plugin--I--I
[INFO]--Thu Feb 01 18:14:00 2024--.\logging.c--R1--I--E
[INFO]--Thu Feb 01 18:14:00 2024--.\logging.c--R2--E--G
[INFO]--Thu Feb 01 18:14:00 2024--.\logging.c--R3--G--A
[INFO]--Thu Feb 01 18:14:00 2024--.\logging.c--Ref--A--A
[INFO]--Thu Feb 01 18:14:00 2024--.\logging.c--R3--A--G
[INFO]--Thu Feb 01 18:14:00 2024--.\logging.c--R2--G--E
[INFO]--Thu Feb 01 18:14:00 2024--.\logging.c--R1--E--I
[END]--Thu Feb 01 18:14:00 2024--.\logging.c--Plugin--I--I
[START]--Thu Feb 01 18:14:00 2024--.\logging.c--Plugin--G--G
[INFO]--Thu Feb 01 18:14:00 2024--.\logging.c--R1--G--H
[INFO]--Thu Feb 01 18:14:00 2024--.\logging.c--R2--H--Y
[INFO]--Thu Feb 01 18:14:00 2024--.\logging.c--R3--Y--U
[INFO]--Thu Feb 01 18:14:00 2024--.\logging.c--Ref--U--C
[INFO]--Thu Feb 01 18:14:00 2024--.\logging.c--R3--C--A
[INFO]--Thu Feb 01 18:14:00 2024--.\logging.c--R2--A--Q
[INFO]--Thu Feb 01 18:14:00 2024--.\logging.c--R1--Q--D
[END]--Thu Feb 01 18:14:00 2024--.\logging.c--Plugin--D--D
[START]--Thu Feb 01 18:14:00 2024--.\logging.c--Plugin--M--M
[INFO]--Thu Feb 01 18:14:00 2024--.\logging.c--R1--M--B
[INFO]--Thu Feb 01 18:14:00 2024--.\logging.c--R2--B--Z
[INFO]--Thu Feb 01 18:14:00 2024--.\logging.c--R3--Z--Y
[INFO]--Thu Feb 01 18:14:00 2024--.\logging.c--Ref--Y--Y
[INFO]--Thu Feb 01 18:14:00 2024--.\logging.c--R3--Y--Z
[INFO]--Thu Feb 01 18:14:00 2024--.\logging.c--R2--Z--B
[INFO]--Thu Feb 01 18:14:00 2024--.\logging.c--R1--B--M
[END]--Thu Feb 01 18:14:00 2024--.\logging.c--Plugin--M--M
[START]--Thu Feb 01 18:14:00 2024--.\logging.c--Plugin--A--B
[INFO]--Thu Feb 01 18:14:00 2024--.\logging.c--R1--B--O
[INFO]--Thu Feb 01 18:14:00 2024--.\logging.c--R2--O--L
[INFO]--Thu Feb 01 18:14:00 2024--.\logging.c--R3--L--D
[INFO]--Thu Feb 01 18:14:00 2024--.\logging.c--Ref--D--H
[INFO]--Thu Feb 01 18:14:00 2024--.\logging.c--R3--H--H
[INFO]--Thu Feb 01 18:14:00 2024--.\logging.c--R2--H--N
[INFO]--Thu Feb 01 18:14:00 2024--.\logging.c--R1--N--H
[END]--Thu Feb 01 18:14:00 2024--.\logging.c--Plugin--H--H
[START]--Thu Feb 01 18:14:00 2024--.\logging.c--Plugin--M--M
[INFO]--Thu Feb 01 18:14:00 2024--.\logging.c--R1--M--G
[INFO]--Thu Feb 01 18:14:00 2024--.\logging.c--R2--G--T
[INFO]--Thu Feb 01 18:14:00 2024--.\logging.c--R3--T--J
[INFO]--Thu Feb 01 18:14:00 2024--.\logging.c--Ref--J--X
[INFO]--Thu Feb 01 18:14:00 2024--.\logging.c--R3--X--B
[INFO]--Thu Feb 01 18:14:00 2024--.\logging.c--R2--B--C
[INFO]--Thu Feb 01 18:14:00 2024--.\logging.c--R1--C--U
[END]--Thu Feb 01 18:14:00 2024--.\logging.c--Plugin--U--U
[START]--Thu Feb 01 18:14:00 2024--.\logging.c--Plugin--A--B
[INFO]--Thu Feb 01 18:14:00 2024--.\logging.c--R1--B--T
[INFO]--Thu Feb 01 18:14:00 2024--.\logging.c--R2--T--J
[INFO]--Thu Feb 01 18:14:00 2024--.\logging.c--R3--J--M
[INFO]--Thu Feb 01 18:14:00 2024--.\logging.c--Ref--M--O
[INFO]--Thu Feb 01 18:14:00 2024--.\logging.c--R3--O--P
[INFO]--Thu Feb 01 18:14:00 2024--.\logging.c--R2--P--J
[INFO]--Thu Feb 01 18:14:00 2024--.\logging.c--R1--J--Y
[END]--Thu Feb 01 18:14:00 2024--.\logging.c--Plugin--Y--Z
[START]--Thu Feb 01 18:14:00 2024--.\logging.c--Plugin--C--C
[INFO]--Thu Feb 01 18:14:00 2024--.\logging.c--R1--C--Y
[INFO]--Thu Feb 01 18:14:00 2024--.\logging.c--R2--Y--C
[INFO]--Thu Feb 01 18:14:00 2024--.\logging.c--R3--C--F
[INFO]--Thu Feb 01 18:14:00 2024--.\logging.c--Ref--F--S
[INFO]--Thu Feb 01 18:14:00 2024--.\logging.c--R3--S--W
[INFO]--Thu Feb 01 18:14:00 2024--.\logging.c--R2--W--R
[INFO]--Thu Feb 01 18:14:00 2024--.\logging.c--R1--R--R
[END]--Thu Feb 01 18:14:00 2024--.\logging.c--Plugin--R--R
[START]--Thu Feb 01 18:14:00 2024--.\logging.c--Plugin--H--H
[INFO]--Thu Feb 01 18:14:00 2024--.\logging.c--R1--H--W
[INFO]--Thu Feb 01 18:14:00 2024--.\logging.c--R2--W--F
[INFO]--Thu Feb 01 18:14:00 2024--.\logging.c--R3--F--V
[INFO]--Thu Feb 01 18:14:00 2024--.\logging.c--Ref--V--W
[INFO]--Thu Feb 01 18:14:00 2024--.\logging.c--R3--W--V
[INFO]--Thu Feb 01 18:14:00 2024--.\logging.c--R2--V--A
[INFO]--Thu Feb 01 18:14:00 2024--.\logging.c--R1--A--T
[END]--Thu Feb 01 18:14:00 2024--.\logging.c--Plugin--T--T
[START]--Thu Feb 01 18:14:00 2024--.\logging.c--Plugin--I--I
[INFO]--Thu Feb 01 18:14:00 2024--.\logging.c--R1--I--C
[INFO]--Thu Feb 01 18:14:00 2024--.\logging.c--R2--C--B
[INFO]--Thu Feb 01 18:14:00 2024--.\logging.c--R3--B--X
[INFO]--Thu Feb 01 18:14:00 2024--.\logging.c--Ref--X--J
[INFO]--Thu Feb 01 18:14:00 2024--.\logging.c--R3--J--T
[INFO]--Thu Feb 01 18:14:00 2024--.\logging.c--R2--T--G
[INFO]--Thu Feb 01 18:14:00 2024--.\logging.c--R1--G--V
[END]--Thu Feb 01 18:14:00 2024--.\logging.c--Plugin--V--V
[START]--Thu Feb 01 18:14:00 2024--.\logging.c--Plugin--N--N
[INFO]--Thu Feb 01 18:14:00 2024--.\logging.c--R1--N--S
[INFO]--Thu Feb 01 18:14:00 2024--.\logging.c--R2--S--M
[INFO]--Thu Feb 01 18:14:00 2024--.\logging.c--R3--M--L
[INFO]--Thu Feb 01 18:14:00 2024--.\logging.c--Ref--L--G
[INFO]--Thu Feb 01 18:14:00 2024--.\logging.c--R3--G--D
[INFO]--Thu Feb 01 18:14:00 2024--.\logging.c--R2--D--L
[INFO]--Thu Feb 01 18:14:00 2024--.\logging.c--R1--L--W
[END]--Thu Feb 01 18:14:00 2024--.\logging.c--Plugin--W--W
[START]--Thu Feb 01 18:14:00 2024--.\logging.c--Plugin--E--E
[INFO]--Thu Feb 01 18:14:00 2024--.\logging.c--R1--E--T
[INFO]--Thu Feb 01 18:14:00 2024--.\logging.c--R2--T--J
[INFO]--Thu Feb 01 18:14:00 2024--.\logging.c--R3--J--M
[INFO]--Thu Feb 01 18:14:00 2024--.\logging.c--Ref--M--O
[INFO]--Thu Feb 01 18:14:00 2024--.\logging.c--R3--O--P
[INFO]--Thu Feb 01 18:14:00 2024--.\logging.c--R2--P--J
[INFO]--Thu Feb 01 18:14:00 2024--.\logging.c--R1--J--Z
[END]--Thu Feb 01 18:14:00 2024--.\logging.c--Plugin--Z--Y
[START]--Thu Feb 01 18:14:20 2024--.\logging.c--Plugin--E--E
[INFO]--Thu Feb 01 18:14:20 2024--.\logging.c--R1--E--H
[INFO]--Thu Feb 01 18:14:20 2024--.\logging.c--R2--H--Y
[INFO]--Thu Feb 01 18:14:20 2024--.\logging.c--R3--Y--U
[INFO]--Thu Feb 01 18:14:20 2024--.\logging.c--Ref--U--C
[INFO]--Thu Feb 01 18:14:20 2024--.\logging.c--R3--C--A
[INFO]--Thu Feb 01 18:14:20 2024--.\logging.c--R2--A--Q
[INFO]--Thu Feb 01 18:14:20 2024--.\logging.c--R1--Q--F
[END]--Thu Feb 01 18:14:20 2024--.\logging.c--Plugin--F--F
[START]--Thu Feb 01 18:14:20 2024--.\logging.c--Plugin--N--N
[INFO]--Thu Feb 01 18:14:20 2024--.\logging.c--R1--N--A
[INFO]--Thu Feb 01 18:14:20 2024--.\logging.c--R2--A--V
[INFO]--Thu Feb 01 18:14:20 2024--.\logging.c--R3--V--W
[INFO]--Thu Feb 01 18:14:20 2024--.\logging.c--Ref--W--V
[INFO]--Thu Feb 01 18:14:20 2024--.\logging.c--R3--V--F
[INFO]--Thu Feb 01 18:14:20 2024--.\logging.c--R2--F--W
[INFO]--Thu Feb 01 18:14:20 2024--.\logging.c--R1--W--T
[END]--Thu Feb 01 18:14:20 2024--.\logging.c--Plugin--T--T
[START]--Thu Feb 01 18:14:20 2024--.\logging.c--Plugin--I--I
[INFO]--Thu Feb 01 18:14:20 2024--.\logging.c--R1--I--E
[INFO]--Thu Feb 01 18:14:20 2024--.\logging.c--R2--E--G
[INFO]--Thu Feb 01 18:14:20 2024--.\logging.c--R3--G--A
[INFO]--Thu Feb 01 18:14:20 2024--.\logging.c--Ref--A--A
[INFO]--Thu Feb 01 18:14:20 2024--.\logging.c--R3--A--G
[INFO]--Thu Feb 01 18:14:20 2024--.\logging.c--R2--G--E
[INFO]--Thu Feb 01 18:14:20 2024--.\logging.c--R1--E--I
[END]--Thu Feb 01 18:14:20 2024--.\logging.c--Plugin--I--I
[START]--Thu Feb 01 18:14:20 2024--.\logging.c--Plugin--G--G
[INFO]--Thu Feb 01 18:14:20 2024--.\logging.c--R1--G--H
[INFO]--Thu Feb 01 18:14:20 2024--.\logging.c--R2--H--Y
[INFO]--Thu Feb 01 18:14:20 2024--.\logging.c--R3--Y--U
[INFO]--Thu Feb 01 18:14:20 2024--.\logging.c--Ref--U--C
[INFO]--Thu Feb 01 18:14:20 2024--.\logging.c--R3--C--A
[INFO]--Thu Feb 01 18:14:20 2024--.\logging.c--R2--A--Q
[INFO]--Thu Feb 01 18:14:20 2024--.\logging.c--R1--Q--D
[END]--Thu Feb 01 18:14:20 2024--.\logging.c--Plugin--D--D
[START]--Thu Feb 01 18:14:20 2024--.\logging.c--Plugin--M--M
[INFO]--Thu Feb 01 18:14:20 2024--.\logging.c--R1--M--B
[INFO]--Thu Feb 01 18:14:20 2024--.\logging.c--R2--B--Z
[INFO]--Thu Feb 01 18:14:20 2024--.\logging.c--R3--Z--Y
[INFO]--Thu Feb 01 18:14:20 2024--.\logging.c--Ref--Y--Y
[INFO]--Thu Feb 01 18:14:20 2024--.\logging.c--R3--Y--Z
[INFO]--Thu Feb 01 18:14:20 2024--.\logging.c--R2--Z--B
[INFO]--Thu Feb 01 18:14:20 2024--.\logging.c--R1--B--M
[END]--Thu Feb 01 18:14:20 2024--.\logging.c--Plugin--M--M
[START]--Thu Feb 01 18:14:20 2024--.\logging.c--Plugin--A--B
[INFO]--Thu Feb 01 18:14:20 2024--.\logging.c--R1--B--O
[INFO]--Thu Feb 01 18:14:20 2024--.\logging.c--R2--O--L
[INFO]--Thu Feb 01 18:14:20 2024--.\logging.c--R3--L--D
[INFO]--Thu Feb 01 18:14:20 2024--.\logging.c--Ref--D--H
[INFO]--Thu Feb 01 18:14:20 2024--.\logging.c--R3--H--H
[INFO]--Thu Feb 01 18:14:20 2024--.\logging.c--R2--H--N
[INFO]--Thu Feb 01 18:14:20 2024--.\logging.c--R1--N--H
[END]--Thu Feb 01 18:14:20 2024--.\logging.c--Plugin--H--H
[START]--Thu Feb 01 18:14:20 2024--.\logging.c--Plugin--M--M
[INFO]--Thu Feb 01 18:14:20 2024--.\logging.c--R1--M--G
[INFO]--Thu Feb 01 18:14:20 2024--.\logging.c--R2--G--T
[INFO]--Thu Feb 01 18:14:20 2024--.\logging.c--R3--T--J
[INFO]--Thu Feb 01 18:14:20 2024--.\logging.c--Ref--J--X
[INFO]--Thu Feb 01 18:14:20 2024--.\logging.c--R3--X--B
[INFO]--Thu Feb 01 18:14:20 2024--.\logging.c--R2--B--C
[INFO]--Thu Feb 01 18:14:20 2024--.\logging.c--R1--C--U
[END]--Thu Feb 01 18:14:20 2024--.\logging.c--Plugin--U--U
[START]--Thu Feb 01 18:14:20 2024--.\logging.c--Plugin--A--B
[INFO]--Thu Feb 01 18:14:20 2024--.\logging.c--R1--B--T
[INFO]--Thu Feb 01 18:14:20 2024--.\logging.c--R2--T--J
[INFO]--Thu Feb 01 18:14:20 2024--.\logging.c--R3--J--M
[INFO]--Thu Feb 01 18:14:20 2024--.\logging.c--Ref--M--O
[INFO]--Thu Feb 01 18:14:20 2024--.\logging.c--R3--O--P
[INFO]--Thu Feb 01 18:14:20 2024--.\logging.c--R2--P--J
[INFO]--Thu Feb 01 18:14:20 2024--.\logging.c--R1--J--Y
[END]--Thu Feb 01 18:14:20 2024--.\logging.c--Plugin--Y--Z
[START]--Thu Feb 01 18:14:20 2024--.\logging.c--Plugin--C--C
[INFO]--Thu Feb 01 18:14:20 2024--.\logging.c--R1--C--Y
[INFO]--Thu Feb 01 18:14:20 2024--.\logging.c--R2--Y--C
[INFO]--Thu Feb 01 18:14:20 2024--.\logging.c--R3--C--F
[INFO]--Thu Feb 01 18:14:20 2024--.\logging.c--Ref--F--S
[INFO]--Thu Feb 01 18:14:20 2024--.\logging.c--R3--S--W
[INFO]--Thu Feb 01 18:14:20 2024--.\logging.c--R2--W--R
[INFO]--Thu Feb 01 18:14:20 2024--.\logging.c--R1--R--R
[END]--Thu Feb 01 18:14:20 2024--.\logging.c--Plugin--R--R
[START]--Thu Feb 01 18:14:20 2024--.\logging.c--Plugin--H--H
[INFO]--Thu Feb 01 18:14:20 2024--.\logging.c--R1--H--W
[INFO]--Thu Feb 01 18:14:20 2024--.\logging.c--R2--W--F
[INFO]--Thu Feb 01 18:14:20 2024--.\logging.c--R3--F--V
[INFO]--Thu Feb 01 18:14:20 2024--.\logging.c--Ref--V--W
[INFO]--Thu Feb 01 18:14:20 2024--.\logging.c--R3--W--V
[INFO]--Thu Feb 01 18:14:20 2024--.\logging.c--R2--V--A
[INFO]--Thu Feb 01 18:14:20 2024--.\logging.c--R1--A--T
[END]--Thu Feb 01 18:14:20 2024--.\logging.c--Plugin--T--T
[START]--Thu Feb 01 18:14:20 2024--.\logging.c--Plugin--I--I
[INFO]--Thu Feb 01 18:14:20 2024--.\logging.c--R1--I--C
[INFO]--Thu Feb 01 18:14:20 2024--.\logging.c--R2--C--B
[INFO]--Thu Feb 01 18:14:20 2024--.\logging.c--R3--B--X
[INFO]--Thu Feb 01 18:14:20 2024--.\logging.c--Ref--X--J
[INFO]--Thu Feb 01 18:14:20 2024--.\logging.c--R3--J--T
[INFO]--Thu Feb 01 18:14:20 2024--.\logging.c--R2--T--G
[INFO]--Thu Feb 01 18:14:20 2024--.\logging.c--R1--G--V
[END]--Thu Feb 01 18:14:20 2024--.\logging.c--Plugin--V--V
[START]--Thu Feb 01 18:14:20 2024--.\logging.c--Plugin--N--N
[INFO]--Thu Feb 01 18:14:20 2024--.\logging.c--R1--N--S
[INFO]--Thu Feb 01 18:14:20 2024--.\logging.c--R2--S--M
[INFO]--Thu Feb 01 18:14:20 2024--.\logging.c--R3--M--L
[INFO]--Thu Feb 01 18:14:20 2024--.\logging.c--Ref--L--G
[INFO]--Thu Feb 01 18:14:20 2024--.\logging.c--R3--G--D
[INFO]--Thu Feb 01 18:14:20 2024--.\logging.c--R2--D--L
[INFO]--Thu Feb 01 18:14:20 2024--.\logging.c--R1--L--W
[END]--Thu Feb 01 18:14:20 2024--.\logging.c--Plugin--W--W
[START]--Thu Feb 01 18:14:20 2024--.\logging.c--Plugin--E--E
[INFO]--Thu Feb 01 18:14:20 2024--.\logging.c--R1--E--T
[INFO]--Thu Feb 01 18:14:20 2024--.\logging.c--R2--T--J
[INFO]--Thu Feb 01 18:14:20 2024--.\logging.c--R3--J--M
[INFO]--Thu Feb 01 18:14:20 2024--.\logging.c--Ref--M--O
[INFO]--Thu Feb 01 18:14:20 2024--.\logging.c--R3--O--P
[INFO]--Thu Feb 01 18:14:20 2024--.\logging.c--R2--P--J
[INFO]--Thu Feb 01 18:14:20 2024--.\logging.c--R1--J--Z
[END]--Thu Feb 01 18:14:20 2024--.\logging.c--Plugin--Z--Y
[START]--Thu Feb 01 18:15:34 2024--.\logging.c--Plugin--E--E
[INFO]--Thu Feb 01 18:15:34 2024--.\logging.c--R1--E--H
[INFO]--Thu Feb 01 18:15:34 2024--.\logging.c--R2--H--Y
[INFO]--Thu Feb 01 18:15:34 2024--.\logging.c--R3--Y--U
[INFO]--Thu Feb 01 18:15:34 2024--.\logging.c--Ref--U--C
[INFO]--Thu Feb 01 18:15:34 2024--.\logging.c--R3--C--A
[INFO]--Thu Feb 01 18:15:34 2024--.\logging.c--R2--A--Q
[INFO]--Thu Feb 01 18:15:34 2024--.\logging.c--R1--Q--F
[END]--Thu Feb 01 18:15:34 2024--.\logging.c--Plugin--F--F
[START]--Thu Feb 01 18:15:34 2024--.\logging.c--Plugin--N--N
[INFO]--Thu Feb 01 18:15:34 2024--.\logging.c--R1--N--A
[INFO]--Thu Feb 01 18:15:34 2024--.\logging.c--R2--A--V
[INFO]--Thu Feb 01 18:15:34 2024--.\logging.c--R3--V--W
[INFO]--Thu Feb 01 18:15:34 2024--.\logging.c--Ref--W--V
[INFO]--Thu Feb 01 18:15:34 2024--.\logging.c--R3--V--F
[INFO]--Thu Feb 01 18:15:34 2024--.\logging.c--R2--F--W
[INFO]--Thu Feb 01 18:15:34 2024--.\logging.c--R1--W--T
[END]--Thu Feb 01 18:15:34 2024--.\logging.c--Plugin--T--T
[START]--Thu Feb 01 18:15:34 2024--.\logging.c--Plugin--I--I
[INFO]--Thu Feb 01 18:15:34 2024--.\logging.c--R1--I--E
[INFO]--Thu Feb 01 18:15:34 2024--.\logging.c--R2--E--G
[INFO]--Thu Feb 01 18:15:34 2024--.\logging.c--R3--G--A
[INFO]--Thu Feb 01 18:15:34 2024--.\logging.c--Ref--A--A
[INFO]--Thu Feb 01 18:15:34 2024--.\logging.c--R3--A--G
[INFO]--Thu Feb 01 18:15:34 2024--.\logging.c--R2--G--E
[INFO]--Thu Feb 01 18:15:34 2024--.\logging.c--R1--E--I
[END]--Thu Feb 01 18:15:34 2024--.\logging.c--Plugin--I--I
[START]--Thu Feb 01 18:15:34 2024--.\logging.c--Plugin--G--G
[INFO]--Thu Feb 01 18:15:34 2024--.\logging.c--R1--G--H
[INFO]--Thu Feb 01 18:15:34 2024--.\logging.c--R2--H--Y
[INFO]--Thu Feb 01 18:15:34 2024--.\logging.c--R3--Y--U
[INFO]--Thu Feb 01 18:15:34 2024--.\logging.c--Ref--U--C
[INFO]--Thu Feb 01 18:15:34 2024--.\logging.c--R3--C--A
[INFO]--Thu Feb 01 18:15:34 2024--.\logging.c--R2--A--Q
[INFO]--Thu Feb 01 18:15:34 2024--.\logging.c--R1--Q--D
[END]--Thu Feb 01 18:15:34 2024--.\logging.c--Plugin--D--D
[START]--Thu Feb 01 18:15:34 2024--.\logging.c--Plugin--M--M
[INFO]--Thu Feb 01 18:15:34 2024--.\logging.c--R1--M--B
[INFO]--Thu Feb 01 18:15:34 2024--.\logging.c--R2--B--Z
[INFO]--Thu Feb 01 18:15:34 2024--.\logging.c--R3--Z--Y
[INFO]--Thu Feb 01 18:15:34 2024--.\logging.c--Ref--Y--Y
[INFO]--Thu Feb 01 18:15:34 2024--.\logging.c--R3--Y--Z
[INFO]--Thu Feb 01 18:15:34 2024--.\logging.c--R2--Z--B
[INFO]--Thu Feb 01 18:15:34 2024--.\logging.c--R1--B--M
[END]--Thu Feb 01 18:15:34 2024--.\logging.c--Plugin--M--M
[START]--Thu Feb 01 18:15:34 2024--.\logging.c--Plugin--A--B
[INFO]--Thu Feb 01 18:15:34 2024--.\logging.c--R1--B--O
[INFO]--Thu Feb 01 18:15:34 2024--.\logging.c--R2--O--L
[INFO]--Thu Feb 01 18:15:34 2024--.\logging.c--R3--L--D
[INFO]--Thu Feb 01 18:15:34 2024--.\logging.c--Ref--D--H
[INFO]--Thu Feb 01 18:15:34 2024--.\logging.c--R3--H--H
[INFO]--Thu Feb 01 18:15:34 2024--.\logging.c--R2--H--N
[INFO]--Thu Feb 01 18:15:34 2024--.\logging.c--R1--N--H
[END]--Thu Feb 01 18:15:34 2024--.\logging.c--Plugin--H--H
[START]--Thu Feb 01 18:15:34 2024--.\logging.c--Plugin--M--M
[INFO]--Thu Feb 01 18:15:34 2024--.\logging.c--R1--M--G
[INFO]--Thu Feb 01 18:15:34 2024--.\logging.c--R2--G--T
[INFO]--Thu Feb 01 18:15:34 2024--.\logging.c--R3--T--J
[INFO]--Thu Feb 01 18:15:34 2024--.\logging.c--Ref--J--X
[INFO]--Thu Feb 01 18:15:34 2024--.\logging.c--R3--X--B
[INFO]--Thu Feb 01 18:15:34 2024--.\logging.c--R2--B--C
[INFO]--Thu Feb 01 18:15:34 2024--.\logging.c--R1--C--U
[END]--Thu Feb 01 18:15:34 2024--.\logging.c--Plugin--U--U
[START]--Thu Feb 01 18:15:34 2024--.\logging.c--Plugin--A--B
[INFO]--Thu Feb 01 18:15:34 2024--.\logging.c--R1--B--T
[INFO]--Thu Feb 01 18:15:34 2024--.\logging.c--R2--T--J
[INFO]--Thu Feb 01 18:15:34 2024--.\logging.c--R3--J--M
[INFO]--Thu Feb 01 18:15:34 2024--.\logging.c--Ref--M--O
[INFO]--Thu Feb 01 18:15:34 2024--.\logging.c--R3--O--P
[INFO]--Thu Feb 01 18:15:34 2024--.\logging.c--R2--P--J
[INFO]--Thu Feb 01 18:15:34 2024--.\logging.c--R1--J--Y
[END]--Thu Feb 01 18:15:34 2024--.\logging.c--Plugin--Y--Z
[START]--Thu Feb 01 18:15:34 2024--.\logging.c--Plugin--C--C
[INFO]--Thu Feb 01 18:15:34 2024--.\logging.c--R1--C--Y
[INFO]--Thu Feb 01 18:15:34 2024--.\logging.c--R2--Y--C
[INFO]--Thu Feb 01 18:15:34 2024--.\logging.c--R3--C--F
[INFO]--Thu Feb 01 18:15:34 2024--.\logging.c--Ref--F--S
[INFO]--Thu Feb 01 18:15:34 2024--.\logging.c--R3--S--W
[INFO]--Thu Feb 01 18:15:34 2024--.\logging.c--R2--W--R
[INFO]--Thu Feb 01 18:15:34 2024--.\logging.c--R1--R--R
[END]--Thu Feb 01 18:15:34 2024--.\logging.c--Plugin--R--R
[START]--Thu Feb 01 18:15:34 2024--.\logging.c--Plugin--H--H
[INFO]--Thu Feb 01 18:15:34 2024--.\logging.c--R1--H--W
[INFO]--Thu Feb 01 18:15:34 2024--.\logging.c--R2--W--F
[INFO]--Thu Feb 01 18:15:34 2024--.\logging.c--R3--F--V
[INFO]--Thu Feb 01 18:15:34 2024--.\logging.c--Ref--V--W
[INFO]--Thu Feb 01 18:15:34 2024--.\logging.c--R3--W--V
[INFO]--Thu Feb 01 18:15:34 2024--.\logging.c--R2--V--A
[INFO]--Thu Feb 01 18:15:34 2024--.\logging.c--R1--A--T
[END]--Thu Feb 01 18:15:34 2024--.\logging.c--Plugin--T--T
[START]--Thu Feb 01 18:15:34 2024--.\logging.c--Plugin--I--I
[INFO]--Thu Feb 01 18:15:34 2024--.\logging.c--R1--I--C
[INFO]--Thu Feb 01 18:15:34 2024--.\logging.c--R2--C--B
[INFO]--Thu Feb 01 18:15:34 2024--.\logging.c--R3--B--X
[INFO]--Thu Feb 01 18:15:34 2024--.\logging.c--Ref--X--J
[INFO]--Thu Feb 01 18:15:34 2024--.\logging.c--R3--J--T
[INFO]--Thu Feb 01 18:15:34 2024--.\logging.c--R2--T--G
[INFO]--Thu Feb 01 18:15:34 2024--.\logging.c--R1--G--V
[END]--Thu Feb 01 18:15:34 2024--.\logging.c--Plugin--V--V
[START]--Thu Feb 01 18:15:34 2024--.\logging.c--Plugin--N--N
[INFO]--Thu Feb 01 18:15:34 2024--.\logging.c--R1--N--S
[INFO]--Thu Feb 01 18:15:34 2024--.\logging.c--R2--S--M
[INFO]--Thu Feb 01 18:15:34 2024--.\logging.c--R3--M--L
[INFO]--Thu Feb 01 18:15:34 2024--.\logging.c--Ref--L--G
[INFO]--Thu Feb 01 18:15:34 2024--.\logging.c--R3--G--D
[INFO]--Thu Feb 01 18:15:34 2024--.\logging.c--R2--D--L
[INFO]--Thu Feb 01 18:15:34 2024--.\logging.c--R1--L--W
[END]--Thu Feb 01 18:15:34 2024--.\logging.c--Plugin--W--W
[START]--Thu Feb 01 18:15:34 2024--.\logging.c--Plugin--E--E
[INFO]--Thu Feb 01 18:15:34 2024--.\logging.c--R1--E--T
[INFO]--Thu Feb 01 18:15:34 2024--.\logging.c--R2--T--J
[INFO]--Thu Feb 01 18:15:34 2024--.\logging.c--R3--J--M
[INFO]--Thu Feb 01 18:15:34 2024--.\logging.c--Ref--M--O
[INFO]--Thu Feb 01 18:15:34 2024--.\logging.c--R3--O--P
[INFO]--Thu Feb 01 18:15:34 2024--.\logging.c--R2--P--J
[INFO]--Thu Feb 01 18:15:34 2024--.\logging.c--R1--J--Z
[END]--Thu Feb 01 18:15:34 2024--.\logging.c--Plugin--Z--Y
[START]--Thu Feb 01 18:33:56 2024--.\logging.c--Plugin--A--B
[INFO]--Thu Feb 01 18:33:56 2024--.\logging.c--R1--A--C
[INFO]--Thu Feb 01 18:33:56 2024--.\logging.c--R2--C--B
[INFO]--Thu Feb 01 18:33:56 2024--.\logging.c--R3--B--X
[INFO]--Thu Feb 01 18:33:56 2024--.\logging.c--Ref--X--J
[INFO]--Thu Feb 01 18:33:56 2024--.\logging.c--R3--J--T
[INFO]--Thu Feb 01 18:33:56 2024--.\logging.c--R2--T--G
[INFO]--Thu Feb 01 18:33:56 2024--.\logging.c--R1--G--K
[INFO]--Thu Feb 01 18:33:56 2024--.\logging.c--R1--A--K
[END]--Thu Feb 01 18:33:56 2024--.\logging.c--Plugin--K--K
[START]--Thu Feb 01 18:34:30 2024--.\logging.c--Plugin--A--B
[INFO]--Thu Feb 01 18:34:30 2024--.\logging.c--R1--A--C
[INFO]--Thu Feb 01 18:34:30 2024--.\logging.c--R2--C--B
[INFO]--Thu Feb 01 18:34:30 2024--.\logging.c--R3--B--X
[INFO]--Thu Feb 01 18:34:30 2024--.\logging.c--Ref--X--J
[INFO]--Thu Feb 01 18:34:30 2024--.\logging.c--R3--J--T
[INFO]--Thu Feb 01 18:34:30 2024--.\logging.c--R2--T--G
[INFO]--Thu Feb 01 18:34:30 2024--.\logging.c--R1--G--K
[INFO]--Thu Feb 01 18:34:30 2024--.\logging.c--R1--A--K
[END]--Thu Feb 01 18:34:30 2024--.\logging.c--Plugin--K--K
[START]--Thu Feb 01 18:52:29 2024--.\logging.c--Plugin--S--S
[INFO]--Thu Feb 01 18:52:29 2024--.\logging.c--R1--S--M
[INFO]--Thu Feb 01 18:52:29 2024--.\logging.c--R2--M--N
[INFO]--Thu Feb 01 18:52:29 2024--.\logging.c--R3--N--K
[INFO]--Thu Feb 01 18:52:29 2024--.\logging.c--Ref--K--N
[INFO]--Thu Feb 01 18:52:29 2024--.\logging.c--R3--N--I
[INFO]--Thu Feb 01 18:52:29 2024--.\logging.c--R2--I--F
[INFO]--Thu Feb 01 18:52:29 2024--.\logging.c--R1--F--Q
[END]--Thu Feb 01 18:52:29 2024--.\logging.c--Plugin--Q--Q
[START]--Thu Feb 01 18:52:29 2024--.\logging.c--Plugin--A--B
[INFO]--Thu Feb 01 18:52:29 2024--.\logging.c--R1--B--I
[INFO]--Thu Feb 01 18:52:29 2024--.\logging.c--R2--I--U
[INFO]--Thu Feb 01 18:52:29 2024--.\logging.c--R3--U--I
[INFO]--Thu Feb 01 18:52:29 2024--.\logging.c--Ref--I--P
[INFO]--Thu Feb 01 18:52:29 2024--.\logging.c--R3--P--O
[INFO]--Thu Feb 01 18:52:29 2024--.\logging.c--R2--O--V
[INFO]--Thu Feb 01 18:52:29 2024--.\logging.c--R1--V--G
[END]--Thu Feb 01 18:52:29 2024--.\logging.c--Plugin--G--G
[START]--Thu Feb 01 18:52:29 2024--.\logging.c--Plugin--L--L
[INFO]--Thu Feb 01 18:52:29 2024--.\logging.c--R1--L--J
[INFO]--Thu Feb 01 18:52:29 2024--.\logging.c--R2--J--P
[INFO]--Thu Feb 01 18:52:29 2024--.\logging.c--R3--P--O
[INFO]--Thu Feb 01 18:52:29 2024--.\logging.c--Ref--O--M
[INFO]--Thu Feb 01 18:52:29 2024--.\logging.c--R3--M--J
[INFO]--Thu Feb 01 18:52:29 2024--.\logging.c--R2--J--T
[INFO]--Thu Feb 01 18:52:29 2024--.\logging.c--R1--T--J
[END]--Thu Feb 01 18:52:29 2024--.\logging.c--Plugin--J--J
[START]--Thu Feb 01 18:52:29 2024--.\logging.c--Plugin--A--B
[INFO]--Thu Feb 01 18:52:29 2024--.\logging.c--R1--B--E
[INFO]--Thu Feb 01 18:52:29 2024--.\logging.c--R2--E--G
[INFO]--Thu Feb 01 18:52:29 2024--.\logging.c--R3--G--A
[INFO]--Thu Feb 01 18:52:29 2024--.\logging.c--Ref--A--A
[INFO]--Thu Feb 01 18:52:29 2024--.\logging.c--R3--A--G
[INFO]--Thu Feb 01 18:52:29 2024--.\logging.c--R2--G--E
[INFO]--Thu Feb 01 18:52:29 2024--.\logging.c--R1--E--B
[END]--Thu Feb 01 18:52:29 2024--.\logging.c--Plugin--B--A
[START]--Thu Feb 01 18:52:29 2024--.\logging.c--Plugin--M--M
[INFO]--Thu Feb 01 18:52:29 2024--.\logging.c--R1--M--B
[INFO]--Thu Feb 01 18:52:29 2024--.\logging.c--R2--B--Z
[INFO]--Thu Feb 01 18:52:29 2024--.\logging.c--R3--Z--Y
[INFO]--Thu Feb 01 18:52:29 2024--.\logging.c--Ref--Y--Y
[INFO]--Thu Feb 01 18:52:29 2024--.\logging.c--R3--Y--Z
[INFO]--Thu Feb 01 18:52:29 2024--.\logging.c--R2--Z--B
[INFO]--Thu Feb 01 18:52:29 2024--.\logging.c--R1--B--M
[END]--Thu Feb 01 18:52:29 2024--.\logging.c--Plugin--M--M
Rotors:(5,0,0)
[START]--Thu Feb 01 19:18:20 2024--.\logging.c--Plugin--A--B
[INFO]--Thu Feb 01 19:18:20 2024--.\logging.c--R1--A--C
[INFO]--Thu Feb 01 19:18:20 2024--.\logging.c--R2--C--B
[INFO]--Thu Feb 01 19:18:20 2024--.\logging.c--R3--B--X
[INFO]--Thu Feb 01 19:18:20 2024--.\logging.c--Ref--X--J
[INFO]--Thu Feb 01 19:18:20 2024--.\logging.c--R3--J--T
[INFO]--Thu Feb 01 19:18:20 2024--.\logging.c--R2--T--G
[INFO]--Thu Feb 01 19:18:20 2024--.\logging.c--R1--G--K
[INFO]--Thu Feb 01 19:18:20 2024--.\logging.c--R1--A--K
[END]--Thu Feb 01 19:18:20 2024--.\logging.c--Plugin--K--K
[START]--Thu Feb 01 19:18:20 2024--.\logging.c--Plugin--A--B
[INFO]--Thu Feb 01 19:18:20 2024--.\logging.c--R1--A--I
[INFO]--Thu Feb 01 19:18:20 2024--.\logging.c--R2--I--U
[INFO]--Thu Feb 01 19:18:20 2024--.\logging.c--R3--U--I
[INFO]--Thu Feb 01 19:18:20 2024--.\logging.c--Ref--I--P
[INFO]--Thu Feb 01 19:18:20 2024--.\logging.c--R3--P--O
[INFO]--Thu Feb 01 19:18:20 2024--.\logging.c--R2--O--V
[INFO]--Thu Feb 01 19:18:20 2024--.\logging.c--R1--V--G
[INFO]--Thu Feb 01 19:18:20 2024--.\logging.c--R1--A--G
[END]--Thu Feb 01 19:18:20 2024--.\logging.c--Plugin--G--G
Rotors:(2,0,0)
[START]--Thu Feb 01 19:18:40 2024--.\logging.c--Plugin--A--B
[INFO]--Thu Feb 01 19:18:40 2024--.\logging.c--R1--A--P
[INFO]--Thu Feb 01 19:18:40 2024--.\logging.c--R2--P--X
[INFO]--Thu Feb 01 19:18:40 2024--.\logging.c--R3--X--R
[INFO]--Thu Feb 01 19:18:40 2024--.\logging.c--Ref--R--B
[INFO]--Thu Feb 01 19:18:40 2024--.\logging.c--R3--B--K
[INFO]--Thu Feb 01 19:18:40 2024--.\logging.c--R2--K--Z
[INFO]--Thu Feb 01 19:18:40 2024--.\logging.c--R1--Z--M
[INFO]--Thu Feb 01 19:18:40 2024--.\logging.c--R1--A--M
[END]--Thu Feb 01 19:18:40 2024--.\logging.c--Plugin--M--M
[START]--Thu Feb 01 19:18:41 2024--.\logging.c--Plugin--A--B
[INFO]--Thu Feb 01 19:18:41 2024--.\logging.c--R1--A--E
[INFO]--Thu Feb 01 19:18:41 2024--.\logging.c--R2--E--G
[INFO]--Thu Feb 01 19:18:41 2024--.\logging.c--R3--G--A
[INFO]--Thu Feb 01 19:18:41 2024--.\logging.c--Ref--A--A
[INFO]--Thu Feb 01 19:18:41 2024--.\logging.c--R3--A--G
[INFO]--Thu Feb 01 19:18:41 2024--.\logging.c--R2--G--E
[INFO]--Thu Feb 01 19:18:41 2024--.\logging.c--R1--E--B
[INFO]--Thu Feb 01 19:18:41 2024--.\logging.c--R1--A--B
[END]--Thu Feb 01 19:18:41 2024--.\logging.c--Plugin--B--A
[START]--Thu Feb 01 19:18:45 2024--.\logging.c--Plugin--A--B
[INFO]--Thu Feb 01 19:18:45 2024--.\logging.c--R1--A--M
[INFO]--Thu Feb 01 19:18:45 2024--.\logging.c--R2--M--N
[INFO]--Thu Feb 01 19:18:45 2024--.\logging.c--R3--N--K
[INFO]--Thu Feb 01 19:18:45 2024--.\logging.c--Ref--K--N
[INFO]--Thu Feb 01 19:18:45 2024--.\logging.c--R3--N--I
[INFO]--Thu Feb 01 19:18:45 2024--.\logging.c--R2--I--F
[INFO]--Thu Feb 01 19:18:45 2024--.\logging.c--R1--F--Y
[INFO]--Thu Feb 01 19:18:45 2024--.\logging.c--R1--A--Y
[END]--Thu Feb 01 19:18:45 2024--.\logging.c--Plugin--Y--Z
[START]--Thu Feb 01 19:18:46 2024--.\logging.c--Plugin--A--B
[INFO]--Thu Feb 01 19:18:46 2024--.\logging.c--R1--A--O
[INFO]--Thu Feb 01 19:18:46 2024--.\logging.c--R2--O--L
[INFO]--Thu Feb 01 19:18:46 2024--.\logging.c--R3--L--D
[INFO]--Thu Feb 01 19:18:46 2024--.\logging.c--Ref--D--H
[INFO]--Thu Feb 01 19:18:46 2024--.\logging.c--R3--H--H
[INFO]--Thu Feb 01 19:18:46 2024--.\logging.c--R2--H--N
[INFO]--Thu Feb 01 19:18:46 2024--.\logging.c--R1--N--H
[INFO]--Thu Feb 01 19:18:46 2024--.\logging.c--R1--A--H
[END]--Thu Feb 01 19:18:46 2024--.\logging.c--Plugin--H--H
Rotors:(6,0,0)
Rotors:(0,0,0)
