[INFO]--Fri Jan 26 10:27:03 2024--logging.c--R1--A--B
[INFO]--Fri Jan 26 10:27:03 2024--logging.c--R2--B--C
[START]--Fri Jan 26 10:27:03 2024--logging.c--Plugin2--X--Z
[END]--Fri Jan 26 10:27:03 2024--logging.c--Plugin2--X--Z
[INFO]--Fri Jan 26 10:27:03 2024--logging.c--R1--Z--R
[INFO]--Fri Jan 26 10:27:03 2024--logging.c--R2--R--H
[INFO]--Fri Jan 26 10:27:11 2024--logging.c--R1--A--B
[INFO]--Fri Jan 26 10:27:11 2024--logging.c--R2--B--C
[START]--Fri Jan 26 10:27:11 2024--logging.c--Plugin2--X--Z
[END]--Fri Jan 26 10:27:11 2024--logging.c--Plugin2--X--Z
[INFO]--Fri Jan 26 10:27:11 2024--logging.c--R1--Z--R
[INFO]--Fri Jan 26 10:27:11 2024--logging.c--R2--R--H
[INFO]--Fri Jan 26 10:27:12 2024--logging.c--R1--A--B
[INFO]--Fri Jan 26 10:27:12 2024--logging.c--R2--B--C
[START]--Fri Jan 26 10:27:12 2024--logging.c--Plugin2--X--Z
[END]--Fri Jan 26 10:27:12 2024--logging.c--Plugin2--X--Z
[INFO]--Fri Jan 26 10:27:12 2024--logging.c--R1--Z--R
[INFO]--Fri Jan 26 10:27:12 2024--logging.c--R2--R--H
[INFO]--Fri Jan 26 10:27:12 2024--logging.c--R1--A--B
[INFO]--Fri Jan 26 10:27:12 2024--logging.c--R2--B--C
[START]--Fri Jan 26 10:27:12 2024--logging.c--Plugin2--X--Z
[END]--Fri Jan 26 10:27:12 2024--logging.c--Plugin2--X--Z
[INFO]--Fri Jan 26 10:27:12 2024--logging.c--R1--Z--R
[INFO]--Fri Jan 26 10:27:12 2024--logging.c--R2--R--H
[INFO]--Fri Jan 26 10:27:13 2024--logging.c--R1--A--B
[INFO]--Fri Jan 26 10:27:13 2024--logging.c--R2--B--C
[START]--Fri Jan 26 10:27:13 2024--logging.c--Plugin2--X--Z
[END]--Fri Jan 26 10:27:13 2024--logging.c--Plugin2--X--Z
[INFO]--Fri Jan 26 10:27:13 2024--logging.c--R1--Z--R
[INFO]--Fri Jan 26 10:27:13 2024--logging.c--R2--R--H
[INFO]--Fri Jan 26 10:27:13 2024--logging.c--R1--A--B
[INFO]--Fri Jan 26 10:27:13 2024--logging.c--R2--B--C
[START]--Fri Jan 26 10:27:13 2024--logging.c--Plugin2--X--Z
[END]--Fri Jan 26 10:27:13 2024--logging.c--Plugin2--X--Z
[INFO]--Fri Jan 26 10:27:13 2024--logging.c--R1--Z--R
[INFO]--Fri Jan 26 10:27:13 2024--logging.c--R2--R--H
[INFO]--Fri Jan 26 10:27:14 2024--logging.c--R1--A--B
[INFO]--Fri Jan 26 10:27:14 2024--logging.c--R2--B--C
[START]--Fri Jan 26 10:27:14 2024--logging.c--Plugin2--X--Z
[END]--Fri Jan 26 10:27:14 2024--logging.c--Plugin2--X--Z
[INFO]--Fri Jan 26 10:27:14 2024--logging.c--R1--Z--R
[INFO]--Fri Jan 26 10:27:14 2024--logging.c--R2--R--H
[INFO]--Fri Jan 26 10:27:15 2024--logging.c--R1--A--B
[INFO]--Fri Jan 26 10:27:15 2024--logging.c--R2--B--C
[START]--Fri Jan 26 10:27:15 2024--logging.c--Plugin2--X--Z
[END]--Fri Jan 26 10:27:15 2024--logging.c--Plugin2--X--Z
[INFO]--Fri Jan 26 10:27:15 2024--logging.c--R1--Z--R
[INFO]--Fri Jan 26 10:27:15 2024--logging.c--R2--R--H
[INFO]--Fri Jan 26 10:27:15 2024--logging.c--R1--A--B
[INFO]--Fri Jan 26 10:27:15 2024--logging.c--R2--B--C
[START]--Fri Jan 26 10:27:15 2024--logging.c--Plugin2--X--Z
[END]--Fri Jan 26 10:27:15 2024--logging.c--Plugin2--X--Z
[INFO]--Fri Jan 26 10:27:15 2024--logging.c--R1--Z--R
[INFO]--Fri Jan 26 10:27:15 2024--logging.c--R2--R--H
[INFO]--Fri Jan 26 10:27:16 2024--logging.c--R1--A--B
[INFO]--Fri Jan 26 10:27:16 2024--logging.c--R2--B--C
[START]--Fri Jan 26 10:27:16 2024--logging.c--Plugin2--X--Z
[END]--Fri Jan 26 10:27:16 2024--logging.c--Plugin2--X--Z
[INFO]--Fri Jan 26 10:27:16 2024--logging.c--R1--Z--R
[INFO]--Fri Jan 26 10:27:16 2024--logging.c--R2--R--H
[INFO]--Fri Jan 26 11:10:29 2024--logging.c--R1--A--B
[INFO]--Fri Jan 26 11:10:29 2024--logging.c--R2--B--C
[START]--Fri Jan 26 11:10:29 2024--logging.c--Plugin2--X--Z
[END]--Fri Jan 26 11:10:29 2024--logging.c--Plugin2--X--Z
[INFO]--Fri Jan 26 11:10:29 2024--logging.c--R1--Z--R
[INFO]--Fri Jan 26 11:10:29 2024--logging.c--R2--R--H
[INFO]--Sun Jan 28 16:18:29 2024--logging.c--R1--A--B
[INFO]--Sun Jan 28 16:18:29 2024--logging.c--R2--B--C
[START]--Sun Jan 28 16:18:29 2024--logging.c--Plugin2--X--Z
[END]--Sun Jan 28 16:18:29 2024--logging.c--Plugin2--X--Z
[INFO]--Sun Jan 28 16:18:29 2024--logging.c--R1--Z--R
[INFO]--Sun Jan 28 16:18:29 2024--logging.c--R2--R--H
[INFO]--Sun Jan 28 23:29:01 2024--logging.c--R1--A--B
[INFO]--Sun Jan 28 23:29:01 2024--logging.c--R2--B--C
[START]--Sun Jan 28 23:29:01 2024--logging.c--Plugin2--X--Z
[END]--Sun Jan 28 23:29:01 2024--logging.c--Plugin2--X--Z
[INFO]--Sun Jan 28 23:29:01 2024--logging.c--R1--Z--R
[INFO]--Sun Jan 28 23:29:01 2024--logging.c--R2--R--H
